<?xml version="1.0" encoding="UTF-8"?>
<!-- Generated by org.testng.reporters.JUnitXMLReporter -->
<testsuite ignored="0" hostname="DESKTOP-834EPH1" failures="0" tests="3" name="Test3" time="50.401" errors="0" timestamp="2022-05-16T16:32:55 IST">
  <testcase classname="E2EProject.validateTitle" name="PageNavigation" time="0.249"/>
  <testcase classname="E2EProject.validateTitle" name="title" time="0.72"/>
  <testcase classname="E2EProject.validateTitle" name="title1" time="0.07"/>
</testsuite> <!-- Test3 -->
